<?xml version="1.0" encoding="UTF-8"?>
<robot generator="Robot 7.2 (Python 3.12.8 on win32)" generated="2025-01-22T21:31:53.303025" rpa="false" schemaversion="5">
<suite id="s1" name="Valid Login" source="D:\SE_2567_126-0\Lab#7_Test_automation_github\Lab-7_Test-Automation_653380126-0_sec1\Lab#7_653380126-0_sec1\login_tests\valid_login.robot">
<test id="s1-t1" name="Valid Login" line="9">
<kw name="Open Browser To Login Page" owner="resource">
<kw name="Start Chrome For Testing" owner="resource">
<kw name="Evaluate" owner="BuiltIn">
<msg time="2025-01-22T21:31:53.939820" level="INFO">${options} = &lt;selenium.webdriver.chrome.options.Options object at 0x0000020A86E359A0&gt;</msg>
<var>${options}</var>
<arg>sys.modules['selenium.webdriver'].ChromeOptions()</arg>
<arg>sys</arg>
<doc>Evaluates the given expression in Python and returns the result.</doc>
<status status="PASS" start="2025-01-22T21:31:53.939820" elapsed="0.000000"/>
</kw>
<kw name="Set Variable" owner="BuiltIn">
<msg time="2025-01-22T21:31:53.940823" level="INFO">${options.binary_location} = D:\SE_2567_126-0\Lab#7_Test_automation_github\Lab-7_Test-Automation_653380126-0_sec1\Lab#7_653380126-0_sec1\ChromeForTesting\chrome.exe</msg>
<var>${options.binary_location}</var>
<arg>${CHROME_BROWSER_PATH}</arg>
<doc>Returns the given values which can then be assigned to a variables.</doc>
<status status="PASS" start="2025-01-22T21:31:53.940823" elapsed="0.000000"/>
</kw>
<kw name="Evaluate" owner="BuiltIn">
<msg time="2025-01-22T21:31:53.940823" level="INFO">${service} = &lt;selenium.webdriver.chrome.service.Service object at 0x0000020A86E36390&gt;</msg>
<var>${service}</var>
<arg>sys.modules["selenium.webdriver.chrome.service"].Service(executable_path=r"${CHROME_DRIVER_PATH}")</arg>
<arg>sys</arg>
<doc>Evaluates the given expression in Python and returns the result.</doc>
<status status="PASS" start="2025-01-22T21:31:53.940823" elapsed="0.000000"/>
</kw>
<kw name="Create Webdriver" owner="SeleniumLibrary">
<msg time="2025-01-22T21:31:53.942328" level="INFO">Creating an instance of the Chrome WebDriver.</msg>
<arg>Chrome</arg>
<arg>options=${options}</arg>
<arg>service=${service}</arg>
<doc>Creates an instance of Selenium WebDriver.</doc>
<status status="PASS" start="2025-01-22T21:31:53.942328" elapsed="2.325091"/>
</kw>
<kw name="Go To" owner="SeleniumLibrary">
<msg time="2025-01-22T21:31:56.268426" level="INFO">Opening url 'http://localhost:7272/'</msg>
<arg>${LOGIN URL}</arg>
<doc>Navigates the current browser window to the provided ``url``.</doc>
<status status="PASS" start="2025-01-22T21:31:56.268426" elapsed="0.615589"/>
</kw>
<status status="PASS" start="2025-01-22T21:31:53.938659" elapsed="2.945356"/>
</kw>
<kw name="Maximize Browser Window" owner="SeleniumLibrary">
<doc>Maximizes current browser window.</doc>
<status status="PASS" start="2025-01-22T21:31:56.884015" elapsed="0.050515"/>
</kw>
<kw name="Set Selenium Speed" owner="SeleniumLibrary">
<arg>${DELAY}</arg>
<doc>Sets the delay that is waited after each Selenium command.</doc>
<status status="PASS" start="2025-01-22T21:31:56.935544" elapsed="0.000000"/>
</kw>
<kw name="Login Page Should Be Open" owner="resource">
<kw name="Title Should Be" owner="SeleniumLibrary">
<msg time="2025-01-22T21:31:56.949549" level="INFO">Page title is 'Login Page'.</msg>
<arg>Login Page</arg>
<doc>Verifies that the current page title equals ``title``.</doc>
<status status="PASS" start="2025-01-22T21:31:56.936545" elapsed="0.013004"/>
</kw>
<status status="PASS" start="2025-01-22T21:31:56.935544" elapsed="0.014005"/>
</kw>
<status status="PASS" start="2025-01-22T21:31:53.938659" elapsed="3.010890"/>
</kw>
<kw name="Input Username" owner="resource">
<kw name="Input Text" owner="SeleniumLibrary">
<msg time="2025-01-22T21:31:56.951562" level="INFO">Typing text 'demo' into text field 'username_field'.</msg>
<arg>username_field</arg>
<arg>${username}</arg>
<doc>Types the given ``text`` into the text field identified by ``locator``.</doc>
<status status="PASS" start="2025-01-22T21:31:56.950554" elapsed="0.139148"/>
</kw>
<arg>demo</arg>
<status status="PASS" start="2025-01-22T21:31:56.950554" elapsed="0.139148"/>
</kw>
<kw name="Input Password" owner="resource">
<kw name="Input Text" owner="SeleniumLibrary">
<msg time="2025-01-22T21:31:57.092778" level="INFO">Typing text 'mode' into text field 'password_field'.</msg>
<arg>password_field</arg>
<arg>${password}</arg>
<doc>Types the given ``text`` into the text field identified by ``locator``.</doc>
<status status="PASS" start="2025-01-22T21:31:57.092281" elapsed="0.122939"/>
</kw>
<arg>mode</arg>
<status status="PASS" start="2025-01-22T21:31:57.090703" elapsed="0.124517"/>
</kw>
<kw name="Submit Credentials" owner="resource">
<kw name="Click Button" owner="SeleniumLibrary">
<msg time="2025-01-22T21:31:57.217218" level="INFO">Clicking button 'login_button'.</msg>
<arg>login_button</arg>
<doc>Clicks the button identified by ``locator``.</doc>
<status status="PASS" start="2025-01-22T21:31:57.216212" elapsed="0.142027"/>
</kw>
<status status="PASS" start="2025-01-22T21:31:57.216212" elapsed="0.142027"/>
</kw>
<kw name="Welcome Page Should Be Open" owner="resource">
<kw name="Location Should Be" owner="SeleniumLibrary">
<msg time="2025-01-22T21:31:57.364498" level="INFO">Current location is 'http://localhost:7272/welcome.html'.</msg>
<arg>${WELCOME URL}</arg>
<doc>Verifies that the current URL is exactly ``url``.</doc>
<status status="PASS" start="2025-01-22T21:31:57.359451" elapsed="0.005047"/>
</kw>
<kw name="Title Should Be" owner="SeleniumLibrary">
<msg time="2025-01-22T21:31:57.368495" level="INFO">Page title is 'Welcome Page'.</msg>
<arg>Welcome Page</arg>
<doc>Verifies that the current page title equals ``title``.</doc>
<status status="PASS" start="2025-01-22T21:31:57.364498" elapsed="0.003997"/>
</kw>
<status status="PASS" start="2025-01-22T21:31:57.359312" elapsed="0.009183"/>
</kw>
<kw name="Close Browser" owner="SeleniumLibrary" type="TEARDOWN">
<doc>Closes the current browser.</doc>
<status status="PASS" start="2025-01-22T21:31:57.369497" elapsed="2.366157"/>
</kw>
<status status="PASS" start="2025-01-22T21:31:53.937658" elapsed="5.798996"/>
</test>
<doc>A test suite with a single test for valid login.

This test has a workflow that is created using keywords in
the imported resource file.</doc>
<status status="PASS" start="2025-01-22T21:31:53.307039" elapsed="6.430615"/>
</suite>
<statistics>
<total>
<stat pass="1" fail="0" skip="0">All Tests</stat>
</total>
<tag>
</tag>
<suite>
<stat name="Valid Login" id="s1" pass="1" fail="0" skip="0">Valid Login</stat>
</suite>
</statistics>
<errors>
</errors>
</robot>
