<?xml version="1.0" encoding="UTF-8"?>
<robot generator="Robot 7.2 (Python 3.12.8 on win32)" generated="2025-01-22T21:52:59.608866" rpa="false" schemaversion="5">
<suite id="s1" name="Valid Login" source="D:\SE_2567_126-0\Lab#7_Test_automation_github\Lab-7_Test-Automation_653380126-0_sec1\Lab#7_653380126-0_sec1\login_tests\valid_login.robot">
<test id="s1-t1" name="Valid Login" line="9">
<kw name="Open Browser To Login Page" owner="resource">
<kw name="Start Chrome For Testing" owner="resource">
<kw name="Evaluate" owner="BuiltIn">
<msg time="2025-01-22T21:53:00.178661" level="INFO">${options} = &lt;selenium.webdriver.chrome.options.Options object at 0x0000015E089C5B80&gt;</msg>
<var>${options}</var>
<arg>sys.modules['selenium.webdriver'].ChromeOptions()</arg>
<arg>sys</arg>
<doc>Evaluates the given expression in Python and returns the result.</doc>
<status status="PASS" start="2025-01-22T21:53:00.177594" elapsed="0.001067"/>
</kw>
<kw name="Set Variable" owner="BuiltIn">
<msg time="2025-01-22T21:53:00.182375" level="INFO">${options.binary_location} = D:\SE_2567_126-0\Lab#7_Test_automation_github\Lab-7_Test-Automation_653380126-0_sec1\Lab#7_653380126-0_sec1\ChromeForTesting\chrome.exe</msg>
<var>${options.binary_location}</var>
<arg>${CHROME_BROWSER_PATH}</arg>
<doc>Returns the given values which can then be assigned to a variables.</doc>
<status status="PASS" start="2025-01-22T21:53:00.178870" elapsed="0.003815"/>
</kw>
<kw name="Evaluate" owner="BuiltIn">
<msg time="2025-01-22T21:53:00.192450" level="INFO">${service} = &lt;selenium.webdriver.chrome.service.Service object at 0x0000015E089C6540&gt;</msg>
<var>${service}</var>
<arg>sys.modules["selenium.webdriver.chrome.service"].Service(executable_path=r"${CHROME_DRIVER_PATH}")</arg>
<arg>sys</arg>
<doc>Evaluates the given expression in Python and returns the result.</doc>
<status status="PASS" start="2025-01-22T21:53:00.182685" elapsed="0.009765"/>
</kw>
<kw name="Create Webdriver" owner="SeleniumLibrary">
<msg time="2025-01-22T21:53:00.194792" level="INFO">Creating an instance of the Chrome WebDriver.</msg>
<arg>Chrome</arg>
<arg>options=${options}</arg>
<arg>service=${service}</arg>
<doc>Creates an instance of Selenium WebDriver.</doc>
<status status="PASS" start="2025-01-22T21:53:00.193810" elapsed="1.879644"/>
</kw>
<kw name="Go To" owner="SeleniumLibrary">
<msg time="2025-01-22T21:53:02.073454" level="INFO">Opening url 'http://localhost:7272/'</msg>
<arg>${LOGIN URL}</arg>
<doc>Navigates the current browser window to the provided ``url``.</doc>
<status status="PASS" start="2025-01-22T21:53:02.073454" elapsed="0.388612"/>
</kw>
<status status="PASS" start="2025-01-22T21:53:00.174329" elapsed="2.288737"/>
</kw>
<kw name="Maximize Browser Window" owner="SeleniumLibrary">
<doc>Maximizes current browser window.</doc>
<status status="PASS" start="2025-01-22T21:53:02.463066" elapsed="0.241929"/>
</kw>
<kw name="Set Selenium Speed" owner="SeleniumLibrary">
<arg>${DELAY}</arg>
<doc>Sets the delay that is waited after each Selenium command.</doc>
<status status="PASS" start="2025-01-22T21:53:02.704995" elapsed="0.000976"/>
</kw>
<kw name="Login Page Should Be Open" owner="resource">
<kw name="Title Should Be" owner="SeleniumLibrary">
<msg time="2025-01-22T21:53:02.729671" level="INFO">Page title is 'Login Page'.</msg>
<arg>Login Page</arg>
<doc>Verifies that the current page title equals ``title``.</doc>
<status status="PASS" start="2025-01-22T21:53:02.707196" elapsed="0.022475"/>
</kw>
<status status="PASS" start="2025-01-22T21:53:02.706614" elapsed="0.023057"/>
</kw>
<status status="PASS" start="2025-01-22T21:53:00.172286" elapsed="2.557385"/>
</kw>
<kw name="Input Username" owner="resource">
<kw name="Input Text" owner="SeleniumLibrary">
<msg time="2025-01-22T21:53:02.732392" level="INFO">Typing text 'demo' into text field 'username_field'.</msg>
<arg>username_field</arg>
<arg>${username}</arg>
<doc>Types the given ``text`` into the text field identified by ``locator``.</doc>
<status status="PASS" start="2025-01-22T21:53:02.731366" elapsed="0.165302"/>
</kw>
<arg>demo</arg>
<status status="PASS" start="2025-01-22T21:53:02.730250" elapsed="0.166418"/>
</kw>
<kw name="Input Password" owner="resource">
<kw name="Input Text" owner="SeleniumLibrary">
<msg time="2025-01-22T21:53:02.899206" level="INFO">Typing text 'mode' into text field 'password_field'.</msg>
<arg>password_field</arg>
<arg>${password}</arg>
<doc>Types the given ``text`` into the text field identified by ``locator``.</doc>
<status status="PASS" start="2025-01-22T21:53:02.899206" elapsed="0.125914"/>
</kw>
<arg>mode</arg>
<status status="PASS" start="2025-01-22T21:53:02.898251" elapsed="0.127866"/>
</kw>
<kw name="Submit Credentials" owner="resource">
<kw name="Click Button" owner="SeleniumLibrary">
<msg time="2025-01-22T21:53:03.027118" level="INFO">Clicking button 'login_button'.</msg>
<arg>login_button</arg>
<doc>Clicks the button identified by ``locator``.</doc>
<status status="PASS" start="2025-01-22T21:53:03.027118" elapsed="0.185972"/>
</kw>
<status status="PASS" start="2025-01-22T21:53:03.026117" elapsed="0.186973"/>
</kw>
<kw name="Welcome Page Should Be Open" owner="resource">
<kw name="Location Should Be" owner="SeleniumLibrary">
<msg time="2025-01-22T21:53:03.219274" level="INFO">Current location is 'http://localhost:7272/welcome.html'.</msg>
<arg>${WELCOME URL}</arg>
<doc>Verifies that the current URL is exactly ``url``.</doc>
<status status="PASS" start="2025-01-22T21:53:03.214104" elapsed="0.005170"/>
</kw>
<kw name="Title Should Be" owner="SeleniumLibrary">
<msg time="2025-01-22T21:53:03.227341" level="INFO">Page title is 'Welcome Page'.</msg>
<arg>Welcome Page</arg>
<doc>Verifies that the current page title equals ``title``.</doc>
<status status="PASS" start="2025-01-22T21:53:03.220282" elapsed="0.007059"/>
</kw>
<status status="PASS" start="2025-01-22T21:53:03.213090" elapsed="0.014251"/>
</kw>
<kw name="Close Browser" owner="SeleniumLibrary" type="TEARDOWN">
<doc>Closes the current browser.</doc>
<status status="PASS" start="2025-01-22T21:53:03.227341" elapsed="2.364029"/>
</kw>
<status status="PASS" start="2025-01-22T21:53:00.164977" elapsed="5.426393"/>
</test>
<doc>A test suite with a single test for valid login.

This test has a workflow that is created using keywords in
the imported resource file.</doc>
<status status="PASS" start="2025-01-22T21:52:59.611975" elapsed="5.980624"/>
</suite>
<statistics>
<total>
<stat pass="1" fail="0" skip="0">All Tests</stat>
</total>
<tag>
</tag>
<suite>
<stat name="Valid Login" id="s1" pass="1" fail="0" skip="0">Valid Login</stat>
</suite>
</statistics>
<errors>
</errors>
</robot>
