<?xml version="1.0" encoding="UTF-8"?>
<robot generator="Robot 7.0.1 (Python 3.11.9 on win32)" generated="2025-01-09T14:58:45.933156" rpa="false" schemaversion="5">
<suite id="s1" name="Valid Login" source="D:\SE_2567_126-0\Lab#7 - Demo\WebDemo-master\login_tests\valid_login.robot">
<test id="s1-t1" name="Valid Login" line="9">
<kw name="Open Browser To Login Page" owner="resource">
<kw name="Open Browser" owner="SeleniumLibrary">
<msg time="2025-01-09T14:58:46.554522" level="INFO">Opening browser 'D:\SE_2567_126-0\Lab#7 - Demo\WebDemo-master\login_tests\chrome-win64\chrome-win64\chrome.exe' to base url 'http://localhost:7272/'.</msg>
<msg time="2025-01-09T14:58:46.554522" level="INFO">Cannot capture screenshot because no browser is open.</msg>
<msg time="2025-01-09T14:58:46.554522" level="FAIL">ValueError: d:\se_2567_126-0\lab#7-demo\webdemo-master\login_tests\chrome-win64\chrome-win64\chrome.exe is not a supported browser.</msg>
<arg>${LOGIN URL}</arg>
<arg>${BROWSER}</arg>
<doc>Opens a new browser instance to the optional ``url``.</doc>
<status status="FAIL" start="2025-01-09T14:58:46.554522" elapsed="0.067794">ValueError: d:\se_2567_126-0\lab#7-demo\webdemo-master\login_tests\chrome-win64\chrome-win64\chrome.exe is not a supported browser.</status>
</kw>
<kw name="Maximize Browser Window" owner="SeleniumLibrary">
<doc>Maximizes current browser window.</doc>
<status status="NOT RUN" start="2025-01-09T14:58:46.622316" elapsed="0.000000"/>
</kw>
<kw name="Set Selenium Speed" owner="SeleniumLibrary">
<arg>${DELAY}</arg>
<doc>Sets the delay that is waited after each Selenium command.</doc>
<status status="NOT RUN" start="2025-01-09T14:58:46.622316" elapsed="0.000000"/>
</kw>
<kw name="Login Page Should Be Open" owner="resource">
<status status="NOT RUN" start="2025-01-09T14:58:46.622316" elapsed="0.000000"/>
</kw>
<status status="FAIL" start="2025-01-09T14:58:46.554522" elapsed="0.067794">ValueError: d:\se_2567_126-0\lab#7-demo\webdemo-master\login_tests\chrome-win64\chrome-win64\chrome.exe is not a supported browser.</status>
</kw>
<kw name="Input Username" owner="resource">
<arg>demo</arg>
<status status="NOT RUN" start="2025-01-09T14:58:46.622316" elapsed="0.000000"/>
</kw>
<kw name="Input Password" owner="resource">
<arg>mode</arg>
<status status="NOT RUN" start="2025-01-09T14:58:46.622316" elapsed="0.000000"/>
</kw>
<kw name="Submit Credentials" owner="resource">
<status status="NOT RUN" start="2025-01-09T14:58:46.626316" elapsed="0.000000"/>
</kw>
<kw name="Welcome Page Should Be Open" owner="resource">
<status status="NOT RUN" start="2025-01-09T14:58:46.626316" elapsed="0.000000"/>
</kw>
<kw name="Close Browser" owner="SeleniumLibrary" type="TEARDOWN">
<doc>Closes the current browser.</doc>
<status status="PASS" start="2025-01-09T14:58:46.626316" elapsed="0.000000"/>
</kw>
<status status="FAIL" start="2025-01-09T14:58:46.550507" elapsed="0.075809">ValueError: d:\se_2567_126-0\lab#7-demo\webdemo-master\login_tests\chrome-win64\chrome-win64\chrome.exe is not a supported browser.</status>
</test>
<doc>A test suite with a single test for valid login.

This test has a workflow that is created using keywords in
the imported resource file.</doc>
<status status="FAIL" start="2025-01-09T14:58:45.937156" elapsed="0.693147"/>
</suite>
<statistics>
<total>
<stat pass="0" fail="1" skip="0">All Tests</stat>
</total>
<tag>
</tag>
<suite>
<stat pass="0" fail="1" skip="0" id="s1" name="Valid Login">Valid Login</stat>
</suite>
</statistics>
<errors>
</errors>
</robot>
